{"F:\\Program\\BMI_BE\\src\\app\\controllers\\AuthController.js": {"path":"F:\\Program\\BMI_BE\\src\\app\\controllers\\AuthController.js","statementMap":{"0":{"start":{"line":1,"column":18},"end":{"line":1,"column":48}},"1":{"start":{"line":2,"column":12},"end":{"line":2,"column":35}},"2":{"start":{"line":3,"column":15},"end":{"line":3,"column":34}},"3":{"start":{"line":4,"column":29},"end":{"line":4,"column":57}},"4":{"start":{"line":9,"column":8},"end":{"line":39,"column":9}},"5":{"start":{"line":11,"column":27},"end":{"line":11,"column":48}},"6":{"start":{"line":12,"column":12},"end":{"line":14,"column":13}},"7":{"start":{"line":13,"column":16},"end":{"line":13,"column":72}},"8":{"start":{"line":16,"column":65},"end":{"line":16,"column":73}},"9":{"start":{"line":19,"column":33},"end":{"line":19,"column":71}},"10":{"start":{"line":20,"column":12},"end":{"line":26,"column":13}},"11":{"start":{"line":21,"column":16},"end":{"line":25,"column":19}},"12":{"start":{"line":29,"column":25},"end":{"line":29,"column":49}},"13":{"start":{"line":30,"column":35},"end":{"line":30,"column":68}},"14":{"start":{"line":33,"column":12},"end":{"line":33,"column":83}},"15":{"start":{"line":36,"column":12},"end":{"line":36,"column":69}},"16":{"start":{"line":38,"column":12},"end":{"line":38,"column":89}},"17":{"start":{"line":44,"column":8},"end":{"line":103,"column":9}},"18":{"start":{"line":46,"column":27},"end":{"line":46,"column":48}},"19":{"start":{"line":47,"column":12},"end":{"line":49,"column":13}},"20":{"start":{"line":48,"column":16},"end":{"line":48,"column":72}},"21":{"start":{"line":51,"column":40},"end":{"line":51,"column":48}},"22":{"start":{"line":54,"column":25},"end":{"line":54,"column":63}},"23":{"start":{"line":55,"column":12},"end":{"line":61,"column":13}},"24":{"start":{"line":56,"column":16},"end":{"line":60,"column":19}},"25":{"start":{"line":64,"column":12},"end":{"line":70,"column":13}},"26":{"start":{"line":65,"column":16},"end":{"line":69,"column":19}},"27":{"start":{"line":73,"column":28},"end":{"line":73,"column":73}},"28":{"start":{"line":74,"column":12},"end":{"line":78,"column":13}},"29":{"start":{"line":75,"column":16},"end":{"line":77,"column":20}},"30":{"start":{"line":81,"column":12},"end":{"line":83,"column":13}},"31":{"start":{"line":82,"column":16},"end":{"line":82,"column":91}},"32":{"start":{"line":86,"column":26},"end":{"line":90,"column":13}},"33":{"start":{"line":93,"column":12},"end":{"line":98,"column":15}},"34":{"start":{"line":102,"column":12},"end":{"line":102,"column":84}},"35":{"start":{"line":106,"column":0},"end":{"line":106,"column":39}}},"fnMap":{"0":{"name":"(anonymous_0)","decl":{"start":{"line":8,"column":4},"end":{"line":8,"column":5}},"loc":{"start":{"line":8,"column":29},"end":{"line":40,"column":5}},"line":8},"1":{"name":"(anonymous_1)","decl":{"start":{"line":43,"column":4},"end":{"line":43,"column":5}},"loc":{"start":{"line":43,"column":26},"end":{"line":104,"column":5}},"line":43}},"branchMap":{"0":{"loc":{"start":{"line":12,"column":12},"end":{"line":14,"column":13}},"type":"if","locations":[{"start":{"line":12,"column":12},"end":{"line":14,"column":13}},{"start":{},"end":{}}],"line":12},"1":{"loc":{"start":{"line":20,"column":12},"end":{"line":26,"column":13}},"type":"if","locations":[{"start":{"line":20,"column":12},"end":{"line":26,"column":13}},{"start":{},"end":{}}],"line":20},"2":{"loc":{"start":{"line":47,"column":12},"end":{"line":49,"column":13}},"type":"if","locations":[{"start":{"line":47,"column":12},"end":{"line":49,"column":13}},{"start":{},"end":{}}],"line":47},"3":{"loc":{"start":{"line":55,"column":12},"end":{"line":61,"column":13}},"type":"if","locations":[{"start":{"line":55,"column":12},"end":{"line":61,"column":13}},{"start":{},"end":{}}],"line":55},"4":{"loc":{"start":{"line":64,"column":12},"end":{"line":70,"column":13}},"type":"if","locations":[{"start":{"line":64,"column":12},"end":{"line":70,"column":13}},{"start":{},"end":{}}],"line":64},"5":{"loc":{"start":{"line":74,"column":12},"end":{"line":78,"column":13}},"type":"if","locations":[{"start":{"line":74,"column":12},"end":{"line":78,"column":13}},{"start":{},"end":{}}],"line":74},"6":{"loc":{"start":{"line":81,"column":12},"end":{"line":83,"column":13}},"type":"if","locations":[{"start":{"line":81,"column":12},"end":{"line":83,"column":13}},{"start":{},"end":{}}],"line":81},"7":{"loc":{"start":{"line":97,"column":26},"end":{"line":97,"column":88}},"type":"cond-expr","locations":[{"start":{"line":97,"column":50},"end":{"line":97,"column":68}},{"start":{"line":97,"column":71},"end":{"line":97,"column":88}}],"line":97}},"s":{"0":1,"1":1,"2":1,"3":1,"4":3,"5":3,"6":3,"7":1,"8":2,"9":2,"10":2,"11":1,"12":1,"13":1,"14":1,"15":1,"16":0,"17":4,"18":4,"19":4,"20":0,"21":4,"22":4,"23":4,"24":1,"25":3,"26":1,"27":2,"28":2,"29":1,"30":1,"31":0,"32":1,"33":1,"34":0,"35":1},"f":{"0":3,"1":4},"b":{"0":[1,2],"1":[1,1],"2":[0,4],"3":[1,3],"4":[1,2],"5":[1,1],"6":[0,1],"7":[0,1]},"_coverageSchema":"1a1c01bbd47fc00a2c39e90264f33305004495a9","hash":"65f60a4c6c0588bb5eeb5b7c1aecbb27aaa26d53"}
,"F:\\Program\\BMI_BE\\src\\app\\controllers\\GuestBmiController.js": {"path":"F:\\Program\\BMI_BE\\src\\app\\controllers\\GuestBmiController.js","statementMap":{"0":{"start":{"line":1,"column":29},"end":{"line":1,"column":57}},"1":{"start":{"line":3,"column":16},"end":{"line":26,"column":1}},"2":{"start":{"line":5,"column":19},"end":{"line":5,"column":40}},"3":{"start":{"line":6,"column":4},"end":{"line":8,"column":5}},"4":{"start":{"line":7,"column":8},"end":{"line":7,"column":64}},"5":{"start":{"line":9,"column":31},"end":{"line":9,"column":39}},"6":{"start":{"line":11,"column":27},"end":{"line":11,"column":39}},"7":{"start":{"line":12,"column":16},"end":{"line":12,"column":71}},"8":{"start":{"line":13,"column":17},"end":{"line":13,"column":19}},"9":{"start":{"line":15,"column":4},"end":{"line":23,"column":5}},"10":{"start":{"line":16,"column":8},"end":{"line":16,"column":85}},"11":{"start":{"line":17,"column":11},"end":{"line":23,"column":5}},"12":{"start":{"line":18,"column":8},"end":{"line":18,"column":88}},"13":{"start":{"line":19,"column":11},"end":{"line":23,"column":5}},"14":{"start":{"line":20,"column":8},"end":{"line":20,"column":89}},"15":{"start":{"line":22,"column":8},"end":{"line":22,"column":98}},"16":{"start":{"line":25,"column":4},"end":{"line":25,"column":30}},"17":{"start":{"line":28,"column":0},"end":{"line":28,"column":25}}},"fnMap":{"0":{"name":"(anonymous_0)","decl":{"start":{"line":3,"column":16},"end":{"line":3,"column":17}},"loc":{"start":{"line":3,"column":30},"end":{"line":26,"column":1}},"line":3}},"branchMap":{"0":{"loc":{"start":{"line":6,"column":4},"end":{"line":8,"column":5}},"type":"if","locations":[{"start":{"line":6,"column":4},"end":{"line":8,"column":5}},{"start":{},"end":{}}],"line":6},"1":{"loc":{"start":{"line":15,"column":4},"end":{"line":23,"column":5}},"type":"if","locations":[{"start":{"line":15,"column":4},"end":{"line":23,"column":5}},{"start":{"line":17,"column":11},"end":{"line":23,"column":5}}],"line":15},"2":{"loc":{"start":{"line":17,"column":11},"end":{"line":23,"column":5}},"type":"if","locations":[{"start":{"line":17,"column":11},"end":{"line":23,"column":5}},{"start":{"line":19,"column":11},"end":{"line":23,"column":5}}],"line":17},"3":{"loc":{"start":{"line":17,"column":15},"end":{"line":17,"column":40}},"type":"binary-expr","locations":[{"start":{"line":17,"column":15},"end":{"line":17,"column":26}},{"start":{"line":17,"column":30},"end":{"line":17,"column":40}}],"line":17},"4":{"loc":{"start":{"line":19,"column":11},"end":{"line":23,"column":5}},"type":"if","locations":[{"start":{"line":19,"column":11},"end":{"line":23,"column":5}},{"start":{"line":21,"column":11},"end":{"line":23,"column":5}}],"line":19},"5":{"loc":{"start":{"line":19,"column":15},"end":{"line":19,"column":38}},"type":"binary-expr","locations":[{"start":{"line":19,"column":15},"end":{"line":19,"column":24}},{"start":{"line":19,"column":28},"end":{"line":19,"column":38}}],"line":19}},"s":{"0":1,"1":1,"2":10,"3":10,"4":6,"5":4,"6":4,"7":4,"8":4,"9":4,"10":1,"11":3,"12":1,"13":2,"14":1,"15":1,"16":4,"17":1},"f":{"0":10},"b":{"0":[6,4],"1":[1,3],"2":[1,2],"3":[3,3],"4":[1,1],"5":[2,2]},"_coverageSchema":"1a1c01bbd47fc00a2c39e90264f33305004495a9","hash":"b16000e46ae6cebc71fb826f6f76020c0bb405ad"}
,"F:\\Program\\BMI_BE\\src\\middlewares\\validateAuth\\validateLoginInputs.js": {"path":"F:\\Program\\BMI_BE\\src\\middlewares\\validateAuth\\validateLoginInputs.js","statementMap":{"0":{"start":{"line":1,"column":17},"end":{"line":1,"column":45}},"1":{"start":{"line":3,"column":28},"end":{"line":9,"column":1}},"2":{"start":{"line":11,"column":0},"end":{"line":11,"column":37}}},"fnMap":{},"branchMap":{},"s":{"0":1,"1":1,"2":1},"f":{},"b":{},"_coverageSchema":"1a1c01bbd47fc00a2c39e90264f33305004495a9","hash":"ee7c48687148e47c3641b31d2689ca0847536b29"}
,"F:\\Program\\BMI_BE\\src\\middlewares\\validateAuth\\validateRegisterInputs.js": {"path":"F:\\Program\\BMI_BE\\src\\middlewares\\validateAuth\\validateRegisterInputs.js","statementMap":{"0":{"start":{"line":1,"column":17},"end":{"line":1,"column":45}},"1":{"start":{"line":3,"column":31},"end":{"line":17,"column":1}},"2":{"start":{"line":12,"column":36},"end":{"line":12,"column":63}},"3":{"start":{"line":19,"column":0},"end":{"line":19,"column":40}}},"fnMap":{"0":{"name":"(anonymous_0)","decl":{"start":{"line":12,"column":16},"end":{"line":12,"column":17}},"loc":{"start":{"line":12,"column":36},"end":{"line":12,"column":63}},"line":12}},"branchMap":{},"s":{"0":1,"1":1,"2":3,"3":1},"f":{"0":3},"b":{},"_coverageSchema":"1a1c01bbd47fc00a2c39e90264f33305004495a9","hash":"fb4634ca3054d501ec449861928f316d668189e3"}
,"F:\\Program\\BMI_BE\\src\\middlewares\\validateUsers\\validateBMIInput.js": {"path":"F:\\Program\\BMI_BE\\src\\middlewares\\validateUsers\\validateBMIInput.js","statementMap":{"0":{"start":{"line":1,"column":17},"end":{"line":1,"column":45}},"1":{"start":{"line":3,"column":25},"end":{"line":11,"column":1}},"2":{"start":{"line":13,"column":0},"end":{"line":13,"column":34}}},"fnMap":{},"branchMap":{},"s":{"0":1,"1":1,"2":1},"f":{},"b":{},"_coverageSchema":"1a1c01bbd47fc00a2c39e90264f33305004495a9","hash":"c863add344fb38d415f4fd2a7d4b9c641f8205ea"}
}
