TN:
SF:src\app\controllers\AuthController.js
FN:8,(anonymous_0)
FN:43,(anonymous_1)
FNF:2
FNH:2
FNDA:3,(anonymous_0)
FNDA:4,(anonymous_1)
DA:1,1
DA:2,1
DA:3,1
DA:4,1
DA:9,3
DA:11,3
DA:12,3
DA:13,1
DA:16,2
DA:19,2
DA:20,2
DA:21,1
DA:29,1
DA:30,1
DA:33,1
DA:36,1
DA:38,0
DA:44,4
DA:46,4
DA:47,4
DA:48,0
DA:51,4
DA:54,4
DA:55,4
DA:56,1
DA:64,3
DA:65,1
DA:73,2
DA:74,2
DA:75,1
DA:81,1
DA:82,0
DA:86,1
DA:93,1
DA:102,0
DA:106,1
LF:36
LH:32
BRDA:12,0,0,1
BRDA:12,0,1,2
BRDA:20,1,0,1
BRDA:20,1,1,1
BRDA:47,2,0,0
BRDA:47,2,1,4
BRDA:55,3,0,1
BRDA:55,3,1,3
BRDA:64,4,0,1
BRDA:64,4,1,2
BRDA:74,5,0,1
BRDA:74,5,1,1
BRDA:81,6,0,0
BRDA:81,6,1,1
BRDA:97,7,0,0
BRDA:97,7,1,1
BRF:16
BRH:13
end_of_record
TN:
SF:src\app\controllers\GuestBmiController.js
FN:3,(anonymous_0)
FNF:1
FNH:1
FNDA:10,(anonymous_0)
DA:1,1
DA:3,1
DA:5,10
DA:6,10
DA:7,6
DA:9,4
DA:11,4
DA:12,4
DA:13,4
DA:15,4
DA:16,1
DA:17,3
DA:18,1
DA:19,2
DA:20,1
DA:22,1
DA:25,4
DA:28,1
LF:18
LH:18
BRDA:6,0,0,6
BRDA:6,0,1,4
BRDA:15,1,0,1
BRDA:15,1,1,3
BRDA:17,2,0,1
BRDA:17,2,1,2
BRDA:17,3,0,3
BRDA:17,3,1,3
BRDA:19,4,0,1
BRDA:19,4,1,1
BRDA:19,5,0,2
BRDA:19,5,1,2
BRF:12
BRH:12
end_of_record
TN:
SF:src\middlewares\validateAuth\validateLoginInputs.js
FNF:0
FNH:0
DA:1,1
DA:3,1
DA:11,1
LF:3
LH:3
BRF:0
BRH:0
end_of_record
TN:
SF:src\middlewares\validateAuth\validateRegisterInputs.js
FN:12,(anonymous_0)
FNF:1
FNH:1
FNDA:3,(anonymous_0)
DA:1,1
DA:3,1
DA:12,3
DA:19,1
LF:4
LH:4
BRF:0
BRH:0
end_of_record
TN:
SF:src\middlewares\validateUsers\validateBMIInput.js
FNF:0
FNH:0
DA:1,1
DA:3,1
DA:13,1
LF:3
LH:3
BRF:0
BRH:0
end_of_record
